#
# There is insufficient memory for the Java Runtime Environment to continue.
# Native memory allocation (malloc) failed to allocate 829504 bytes for Chunk::new
# Possible reasons:
#   The system is out of physical RAM or swap space
#   The process is running with CompressedOops enabled, and the Java Heap may be blocking the growth of the native heap
# Possible solutions:
#   Reduce memory load on the system
#   Increase physical memory or swap space
#   Check if swap backing store is full
#   Decrease Java heap size (-Xmx/-Xms)
#   Decrease number of Java threads
#   Decrease Java thread stack sizes (-Xss)
#   Set larger code cache with -XX:ReservedCodeCacheSize=
#   JVM is running with Unscaled Compressed Oops mode in which the Java heap is
#     placed in the first 4GB address space. The Java Heap base address is the
#     maximum limit for the native heap growth. Please use -XX:HeapBaseMinAddress
#     to set the Java Heap base and to place the Java Heap above 4GB virtual address.
# This output file may be truncated or incomplete.
#
#  Out of Memory Error (arena.cpp:189), pid=19172, tid=25452
#
# JRE version: OpenJDK Runtime Environment (17.0.6) (build 17.0.6+0-b2043.56-10027231)
# Java VM: OpenJDK 64-Bit Server VM (17.0.6+0-b2043.56-10027231, mixed mode, tiered, compressed oops, compressed class ptrs, g1 gc, windows-amd64)
# No core dump will be written. Minidumps are not enabled by default on client versions of Windows
#

---------------  S U M M A R Y ------------

Command Line: --add-opens=java.base/java.util=ALL-UNNAMED --add-opens=java.base/java.lang=ALL-UNNAMED --add-opens=java.base/java.lang.invoke=ALL-UNNAMED --add-opens=java.prefs/java.util.prefs=ALL-UNNAMED --add-opens=java.base/java.nio.charset=ALL-UNNAMED --add-opens=java.base/java.net=ALL-UNNAMED --add-opens=java.base/java.util.concurrent.atomic=ALL-UNNAMED -Xmx2048m -Dfile.encoding=UTF-8 -Duser.country=ID -Duser.language=en -Duser.variant org.gradle.launcher.daemon.bootstrap.GradleDaemon 8.0

Host: AMD Ryzen 7 5700U with Radeon Graphics         , 16 cores, 5G,  Windows 10 , 64 bit Build 19041 (10.0.19041.3636)
Time: Thu Nov 30 19:48:18 2023 SE Asia Standard Time elapsed time: 38.753594 seconds (0d 0h 0m 38s)

---------------  T H R E A D  ---------------

Current thread (0x000002691a87e830):  JavaThread "C2 CompilerThread0" daemon [_thread_in_native, id=25452, stack(0x000000df41a00000,0x000000df41b00000)]


Current CompileTask:
C2:  38753 6558       4       java.util.zip.ZipFile$Source::initCEN (591 bytes)

Stack: [0x000000df41a00000,0x000000df41b00000]
Native frames: (J=compiled Java code, j=interpreted, Vv=VM code, C=native code)
V  [jvm.dll+0x683c9a]
V  [jvm.dll+0x8427a4]
V  [jvm.dll+0x843f9e]
V  [jvm.dll+0x844603]
V  [jvm.dll+0x249b75]
V  [jvm.dll+0xabcac]
V  [jvm.dll+0xac27c]
V  [jvm.dll+0x368857]
V  [jvm.dll+0x332f31]
V  [jvm.dll+0x3323da]
V  [jvm.dll+0x21c201]
V  [jvm.dll+0x21b621]
V  [jvm.dll+0x1a4fdd]
V  [jvm.dll+0x22b098]
V  [jvm.dll+0x229159]
V  [jvm.dll+0x7f81ec]
V  [jvm.dll+0x7f274a]
V  [jvm.dll+0x682ad5]
C  [ucrtbase.dll+0x21bb2]
C  [KERNEL32.DLL+0x17344]
C  [ntdll.dll+0x526b1]


---------------  P R O C E S S  ---------------

Threads class SMR info:
_java_thread_list=0x000002691dfe3090, length=177, elements={
0x000002697fe4b450, 0x000002691b412250, 0x000002691b4140d0, 0x000002691a87be40,
0x000002691a87c7f0, 0x000002691a87d1a0, 0x000002691a87db50, 0x000002691a87e830,
0x000002691b43e910, 0x000002691b441220, 0x000002691b5a9c80, 0x000002691b5aa150,
0x000002691cf34230, 0x000002691cc4d440, 0x000002691dcb8ad0, 0x000002691ccefeb0,
0x000002691d95f1c0, 0x000002691da1fed0, 0x000002691da22080, 0x000002691da22550,
0x000002691da203a0, 0x000002691da1f060, 0x000002691da1f530, 0x000002691da216e0,
0x000002691da22a20, 0x000002691da1fa00, 0x000002691da20870, 0x000002691da20d40,
0x000002691da21210, 0x000002691da21bb0, 0x000002691de6fa70, 0x000002691de6d8c0,
0x000002691de6ca50, 0x000002691de69a30, 0x000002691de6e260, 0x000002691de6dd90,
0x000002691de69090, 0x000002691de6f5a0, 0x000002691de6e730, 0x000002691de69f00,
0x000002691de6ec00, 0x000002691de6a3d0, 0x000002691de6bbe0, 0x000002691de6a8a0,
0x000002691de6b240, 0x000002691de6b710, 0x000002691de6c0b0, 0x000002691de6c580,
0x000002691de6cf20, 0x000002691de6d3f0, 0x000002691b7ed060, 0x000002691b7ec1f0,
0x000002691b7e5ce0, 0x000002691b7e96a0, 0x000002691b7ebd20, 0x000002691b7ec6c0,
0x000002691b7eb850, 0x000002691b7e79c0, 0x000002691b7e8d00, 0x000002691b7ea040,
0x000002691b7e9b70, 0x000002691b7e5810, 0x000002691b7e7e90, 0x000002691b7e8360,
0x000002691b7e61b0, 0x000002691b7e6680, 0x000002691b7ecb90, 0x000002691b7eaeb0,
0x000002691b7eb380, 0x000002691b7ea510, 0x000002691b7e8830, 0x000002691b7e6b50,
0x000002691b7ea9e0, 0x000002691b7e7020, 0x000002691b7e74f0, 0x000002691b7e91d0,
0x000002691c752570, 0x000002691c74d3a0, 0x000002691c752a40, 0x000002691c74f080,
0x000002691c74c060, 0x000002691c74c530, 0x000002691c7538b0, 0x000002691c74f550,
0x000002691c7520a0, 0x000002691c752f10, 0x000002691c750d60, 0x000002691c74ca00,
0x000002691c74ced0, 0x000002691c74e6e0, 0x000002691c74ebb0, 0x000002691c74dd40,
0x000002691c7533e0, 0x000002691c74d870, 0x000002691c74e210, 0x000002691c74fa20,
0x000002691c74fef0, 0x000002691c7503c0, 0x000002691c750890, 0x000002691c751230,
0x000002691c751700, 0x000002691c751bd0, 0x0000026920483090, 0x00000269204826f0,
0x000002692047f200, 0x0000026920480a10, 0x000002692047e860, 0x00000269204843d0,
0x00000269204848a0, 0x0000026920480540, 0x0000026920482220, 0x0000026920481880,
0x0000026920480ee0, 0x0000026920484d70, 0x0000026920483560, 0x0000026920485240,
0x00000269204813b0, 0x000002692047f6d0, 0x0000026920481d50, 0x0000026920482bc0,
0x0000026920483f00, 0x000002692047fba0, 0x0000026920483a30, 0x000002692047d9f0,
0x0000026920480070, 0x000002692047dec0, 0x000002692047e390, 0x000002692047ed30,
0x000002691c68bd10, 0x000002691c68dec0, 0x000002691c68c1e0, 0x000002691c68e390,
0x000002691c690ee0, 0x000002691c68cb80, 0x000002691c68f200, 0x000002691c68a500,
0x000002691c691880, 0x000002691c691d50, 0x000002691c68ed30, 0x000002691c68fba0,
0x000002691c68e860, 0x000002691c68a9d0, 0x000002691c68d9f0, 0x000002691c68aea0,
0x000002691c68c6b0, 0x000002691c690070, 0x000002691c68b370, 0x000002691c68f6d0,
0x000002691c68d050, 0x000002691c690540, 0x000002691c690a10, 0x000002691c68d520,
0x000002691c6913b0, 0x000002691c68b840, 0x000002691e6723e0, 0x000002691e66d6e0,
0x000002691e66d210, 0x000002691e66fd60, 0x000002691e670230, 0x000002691e670700,
0x000002691e6728b0, 0x000002691e66e080, 0x000002691e670bd0, 0x000002691e66b530,
0x000002691e671570, 0x000002691e6710a0, 0x000002691e66dbb0, 0x000002691e66c870,
0x000002691e66c3a0, 0x000002691e66b060, 0x000002691e66eef0, 0x000002691e66ba00,
0x000002691e66e550, 0x000002691e66ea20, 0x000002691e66cd40, 0x000002691e66f890,
0x000002691e671a40
}

Java Threads: ( => current thread )
  0x000002697fe4b450 JavaThread "main" [_thread_blocked, id=13912, stack(0x000000df40d00000,0x000000df40e00000)]
  0x000002691b412250 JavaThread "Reference Handler" daemon [_thread_blocked, id=4944, stack(0x000000df41400000,0x000000df41500000)]
  0x000002691b4140d0 JavaThread "Finalizer" daemon [_thread_blocked, id=12732, stack(0x000000df41500000,0x000000df41600000)]
  0x000002691a87be40 JavaThread "Signal Dispatcher" daemon [_thread_blocked, id=19488, stack(0x000000df41600000,0x000000df41700000)]
  0x000002691a87c7f0 JavaThread "Attach Listener" daemon [_thread_blocked, id=30968, stack(0x000000df41700000,0x000000df41800000)]
  0x000002691a87d1a0 JavaThread "Service Thread" daemon [_thread_blocked, id=31544, stack(0x000000df41800000,0x000000df41900000)]
  0x000002691a87db50 JavaThread "Monitor Deflation Thread" daemon [_thread_blocked, id=5352, stack(0x000000df41900000,0x000000df41a00000)]
=>0x000002691a87e830 JavaThread "C2 CompilerThread0" daemon [_thread_in_native, id=25452, stack(0x000000df41a00000,0x000000df41b00000)]
  0x000002691b43e910 JavaThread "C1 CompilerThread0" daemon [_thread_blocked, id=23004, stack(0x000000df41b00000,0x000000df41c00000)]
  0x000002691b441220 JavaThread "Sweeper thread" daemon [_thread_blocked, id=24332, stack(0x000000df41c00000,0x000000df41d00000)]
  0x000002691b5a9c80 JavaThread "Common-Cleaner" daemon [_thread_blocked, id=32516, stack(0x000000df41d00000,0x000000df41e00000)]
  0x000002691b5aa150 JavaThread "Notification Thread" daemon [_thread_blocked, id=20092, stack(0x000000df41e00000,0x000000df41f00000)]
  0x000002691cf34230 JavaThread "Daemon health stats" [_thread_blocked, id=28464, stack(0x000000df42400000,0x000000df42500000)]
  0x000002691cc4d440 JavaThread "Incoming local TCP Connector on port 58751" [_thread_in_native, id=2464, stack(0x000000df42500000,0x000000df42600000)]
  0x000002691dcb8ad0 JavaThread "Daemon periodic checks" [_thread_blocked, id=26708, stack(0x000000df42600000,0x000000df42700000)]
  0x000002691ccefeb0 JavaThread "Daemon" [_thread_blocked, id=11300, stack(0x000000df42700000,0x000000df42800000)]
  0x000002691d95f1c0 JavaThread "Handler for socket connection from /127.0.0.1:58751 to /127.0.0.1:58752" [_thread_in_native, id=31980, stack(0x000000df42800000,0x000000df42900000)]
  0x000002691da1fed0 JavaThread "Cancel handler" [_thread_blocked, id=23376, stack(0x000000df42900000,0x000000df42a00000)]
  0x000002691da22080 JavaThread "Daemon worker" [_thread_in_native, id=27740, stack(0x000000df42a00000,0x000000df42b00000)]
  0x000002691da22550 JavaThread "Asynchronous log dispatcher for DefaultDaemonConnection: socket connection from /127.0.0.1:58751 to /127.0.0.1:58752" [_thread_blocked, id=3340, stack(0x000000df42b00000,0x000000df42c00000)]
  0x000002691da203a0 JavaThread "Stdin handler" [_thread_blocked, id=25524, stack(0x000000df42c00000,0x000000df42d00000)]
  0x000002691da1f060 JavaThread "Daemon client event forwarder" [_thread_blocked, id=29964, stack(0x000000df42d00000,0x000000df42e00000)]
  0x000002691da1f530 JavaThread "Cache worker for journal cache (C:\Users\Rizqi Wahyudi\.gradle\caches\journal-1)" [_thread_blocked, id=20636, stack(0x000000df43800000,0x000000df43900000)]
  0x000002691da216e0 JavaThread "File lock request listener" [_thread_in_native, id=3176, stack(0x000000df43900000,0x000000df43a00000)]
  0x000002691da22a20 JavaThread "Cache worker for file hash cache (C:\Users\Rizqi Wahyudi\.gradle\caches\8.0\fileHashes)" [_thread_blocked, id=20928, stack(0x000000df43a00000,0x000000df43b00000)]
  0x000002691da1fa00 JavaThread "File watcher server" daemon [_thread_in_native, id=31060, stack(0x000000df43b00000,0x000000df43c00000)]
  0x000002691da20870 JavaThread "File watcher consumer" daemon [_thread_blocked, id=30880, stack(0x000000df43c00000,0x000000df43d00000)]
  0x000002691da20d40 JavaThread "Cache worker for checksums cache (C:\laragon\www\e-absensi-smk3pmk-mobile\.gradle\8.0\checksums)" [_thread_blocked, id=26440, stack(0x000000df43d00000,0x000000df43e00000)]
  0x000002691da21210 JavaThread "Cache worker for cache directory md-rule (C:\Users\Rizqi Wahyudi\.gradle\caches\8.0\md-rule)" [_thread_blocked, id=13284, stack(0x000000df43e00000,0x000000df43f00000)]
  0x000002691da21bb0 JavaThread "Cache worker for file content cache (C:\Users\Rizqi Wahyudi\.gradle\caches\8.0\fileContent)" [_thread_blocked, id=4900, stack(0x000000df43f00000,0x000000df44000000)]
  0x000002691de6fa70 JavaThread "Cache worker for file hash cache (C:\laragon\www\e-absensi-smk3pmk-mobile\.gradle\8.0\fileHashes)" [_thread_blocked, id=1088, stack(0x000000df44000000,0x000000df44100000)]
  0x000002691de6d8c0 JavaThread "Cache worker for cache directory md-supplier (C:\Users\Rizqi Wahyudi\.gradle\caches\8.0\md-supplier)" [_thread_blocked, id=5356, stack(0x000000df44100000,0x000000df44200000)]
  0x000002691de6ca50 JavaThread "Cache worker for execution history cache (C:\Users\Rizqi Wahyudi\.gradle\caches\8.0\executionHistory)" [_thread_blocked, id=13384, stack(0x000000df44200000,0x000000df44300000)]
  0x000002691de69a30 JavaThread "jar transforms" [_thread_blocked, id=3416, stack(0x000000df44300000,0x000000df44400000)]
  0x000002691de6e260 JavaThread "jar transforms Thread 2" [_thread_blocked, id=16852, stack(0x000000df44400000,0x000000df44500000)]
  0x000002691de6dd90 JavaThread "Cache worker for kotlin-dsl (C:\Users\Rizqi Wahyudi\.gradle\caches\8.0\kotlin-dsl)" [_thread_blocked, id=22276, stack(0x000000df44500000,0x000000df44600000)]
  0x000002691de69090 JavaThread "jar transforms Thread 3" [_thread_blocked, id=29176, stack(0x000000df44600000,0x000000df44700000)]
  0x000002691de6f5a0 JavaThread "jar transforms Thread 4" [_thread_blocked, id=21084, stack(0x000000df44700000,0x000000df44800000)]
  0x000002691de6e730 JavaThread "Cache worker for dependencies-accessors (C:\laragon\www\e-absensi-smk3pmk-mobile\.gradle\8.0\dependencies-accessors)" [_thread_blocked, id=19536, stack(0x000000df44800000,0x000000df44900000)]
  0x000002691de69f00 JavaThread "Cache worker for Build Output Cleanup Cache (C:\laragon\www\e-absensi-smk3pmk-mobile\.gradle\buildOutputCleanup)" [_thread_blocked, id=17820, stack(0x000000df44900000,0x000000df44a00000)]
  0x000002691de6ec00 JavaThread "jar transforms Thread 5" [_thread_blocked, id=19420, stack(0x000000df44a00000,0x000000df44b00000)]
  0x000002691de6a3d0 JavaThread "Unconstrained build operations" [_thread_blocked, id=22760, stack(0x000000df44e00000,0x000000df44f00000)]
  0x000002691de6bbe0 JavaThread "Unconstrained build operations Thread 2" [_thread_blocked, id=17152, stack(0x000000df44f00000,0x000000df45000000)]
  0x000002691de6a8a0 JavaThread "Unconstrained build operations Thread 3" [_thread_blocked, id=18088, stack(0x000000df45000000,0x000000df45100000)]
  0x000002691de6b240 JavaThread "Unconstrained build operations Thread 4" [_thread_blocked, id=8412, stack(0x000000df45100000,0x000000df45200000)]
  0x000002691de6b710 JavaThread "Unconstrained build operations Thread 5" [_thread_blocked, id=33364, stack(0x000000df45200000,0x000000df45300000)]
  0x000002691de6c0b0 JavaThread "Unconstrained build operations Thread 6" [_thread_blocked, id=18572, stack(0x000000df45300000,0x000000df45400000)]
  0x000002691de6c580 JavaThread "Unconstrained build operations Thread 7" [_thread_blocked, id=11048, stack(0x000000df45400000,0x000000df45500000)]
  0x000002691de6cf20 JavaThread "Unconstrained build operations Thread 8" [_thread_blocked, id=24884, stack(0x000000df45500000,0x000000df45600000)]
  0x000002691de6d3f0 JavaThread "Unconstrained build operations Thread 9" [_thread_blocked, id=30384, stack(0x000000df45600000,0x000000df45700000)]
  0x000002691b7ed060 JavaThread "Unconstrained build operations Thread 10" [_thread_blocked, id=15332, stack(0x000000df45700000,0x000000df45800000)]
  0x000002691b7ec1f0 JavaThread "Unconstrained build operations Thread 11" [_thread_blocked, id=27768, stack(0x000000df45800000,0x000000df45900000)]
  0x000002691b7e5ce0 JavaThread "Unconstrained build operations Thread 12" [_thread_blocked, id=26848, stack(0x000000df45900000,0x000000df45a00000)]
  0x000002691b7e96a0 JavaThread "Unconstrained build operations Thread 13" [_thread_blocked, id=3476, stack(0x000000df45a00000,0x000000df45b00000)]
  0x000002691b7ebd20 JavaThread "Unconstrained build operations Thread 14" [_thread_blocked, id=9476, stack(0x000000df45b00000,0x000000df45c00000)]
  0x000002691b7ec6c0 JavaThread "Unconstrained build operations Thread 15" [_thread_blocked, id=26156, stack(0x000000df45c00000,0x000000df45d00000)]
  0x000002691b7eb850 JavaThread "Unconstrained build operations Thread 16" [_thread_blocked, id=23600, stack(0x000000df45d00000,0x000000df45e00000)]
  0x000002691b7e79c0 JavaThread "Unconstrained build operations Thread 17" [_thread_blocked, id=19436, stack(0x000000df45e00000,0x000000df45f00000)]
  0x000002691b7e8d00 JavaThread "Unconstrained build operations Thread 18" [_thread_blocked, id=28432, stack(0x000000df45f00000,0x000000df46000000)]
  0x000002691b7ea040 JavaThread "Unconstrained build operations Thread 19" [_thread_blocked, id=20040, stack(0x000000df46000000,0x000000df46100000)]
  0x000002691b7e9b70 JavaThread "Unconstrained build operations Thread 20" [_thread_blocked, id=25012, stack(0x000000df46100000,0x000000df46200000)]
  0x000002691b7e5810 JavaThread "Unconstrained build operations Thread 21" [_thread_blocked, id=12672, stack(0x000000df46200000,0x000000df46300000)]
  0x000002691b7e7e90 JavaThread "Unconstrained build operations Thread 22" [_thread_blocked, id=32680, stack(0x000000df46300000,0x000000df46400000)]
  0x000002691b7e8360 JavaThread "Unconstrained build operations Thread 23" [_thread_blocked, id=30100, stack(0x000000df46400000,0x000000df46500000)]
  0x000002691b7e61b0 JavaThread "Unconstrained build operations Thread 24" [_thread_blocked, id=22480, stack(0x000000df46500000,0x000000df46600000)]
  0x000002691b7e6680 JavaThread "Unconstrained build operations Thread 25" [_thread_blocked, id=23000, stack(0x000000df46600000,0x000000df46700000)]
  0x000002691b7ecb90 JavaThread "Unconstrained build operations Thread 26" [_thread_blocked, id=32388, stack(0x000000df46700000,0x000000df46800000)]
  0x000002691b7eaeb0 JavaThread "Unconstrained build operations Thread 27" [_thread_blocked, id=10964, stack(0x000000df46800000,0x000000df46900000)]
  0x000002691b7eb380 JavaThread "Unconstrained build operations Thread 28" [_thread_blocked, id=22332, stack(0x000000df46900000,0x000000df46a00000)]
  0x000002691b7ea510 JavaThread "Unconstrained build operations Thread 29" [_thread_blocked, id=29408, stack(0x000000df46a00000,0x000000df46b00000)]
  0x000002691b7e8830 JavaThread "Unconstrained build operations Thread 30" [_thread_blocked, id=28600, stack(0x000000df46b00000,0x000000df46c00000)]
  0x000002691b7e6b50 JavaThread "Unconstrained build operations Thread 31" [_thread_blocked, id=7324, stack(0x000000df46c00000,0x000000df46d00000)]
  0x000002691b7ea9e0 JavaThread "Unconstrained build operations Thread 32" [_thread_blocked, id=23628, stack(0x000000df46d00000,0x000000df46e00000)]
  0x000002691b7e7020 JavaThread "Unconstrained build operations Thread 33" [_thread_blocked, id=30996, stack(0x000000df46e00000,0x000000df46f00000)]
  0x000002691b7e74f0 JavaThread "Unconstrained build operations Thread 34" [_thread_blocked, id=28156, stack(0x000000df46f00000,0x000000df47000000)]
  0x000002691b7e91d0 JavaThread "Unconstrained build operations Thread 35" [_thread_blocked, id=21644, stack(0x000000df47000000,0x000000df47100000)]
  0x000002691c752570 JavaThread "Unconstrained build operations Thread 36" [_thread_blocked, id=33544, stack(0x000000df47100000,0x000000df47200000)]
  0x000002691c74d3a0 JavaThread "Unconstrained build operations Thread 37" [_thread_blocked, id=17812, stack(0x000000df47200000,0x000000df47300000)]
  0x000002691c752a40 JavaThread "Unconstrained build operations Thread 38" [_thread_blocked, id=17608, stack(0x000000df47300000,0x000000df47400000)]
  0x000002691c74f080 JavaThread "Unconstrained build operations Thread 39" [_thread_blocked, id=17296, stack(0x000000df47400000,0x000000df47500000)]
  0x000002691c74c060 JavaThread "Unconstrained build operations Thread 40" [_thread_blocked, id=12200, stack(0x000000df47500000,0x000000df47600000)]
  0x000002691c74c530 JavaThread "Unconstrained build operations Thread 41" [_thread_blocked, id=5560, stack(0x000000df47600000,0x000000df47700000)]
  0x000002691c7538b0 JavaThread "Unconstrained build operations Thread 42" [_thread_blocked, id=12432, stack(0x000000df47700000,0x000000df47800000)]
  0x000002691c74f550 JavaThread "Unconstrained build operations Thread 43" [_thread_blocked, id=27824, stack(0x000000df47800000,0x000000df47900000)]
  0x000002691c7520a0 JavaThread "Unconstrained build operations Thread 44" [_thread_blocked, id=31340, stack(0x000000df47900000,0x000000df47a00000)]
  0x000002691c752f10 JavaThread "Unconstrained build operations Thread 45" [_thread_blocked, id=18264, stack(0x000000df47a00000,0x000000df47b00000)]
  0x000002691c750d60 JavaThread "Unconstrained build operations Thread 46" [_thread_blocked, id=31116, stack(0x000000df47b00000,0x000000df47c00000)]
  0x000002691c74ca00 JavaThread "Unconstrained build operations Thread 47" [_thread_blocked, id=24304, stack(0x000000df47c00000,0x000000df47d00000)]
  0x000002691c74ced0 JavaThread "Unconstrained build operations Thread 48" [_thread_blocked, id=32776, stack(0x000000df47d00000,0x000000df47e00000)]
  0x000002691c74e6e0 JavaThread "Unconstrained build operations Thread 49" [_thread_blocked, id=16740, stack(0x000000df47e00000,0x000000df47f00000)]
  0x000002691c74ebb0 JavaThread "Unconstrained build operations Thread 50" [_thread_blocked, id=26196, stack(0x000000df47f00000,0x000000df48000000)]
  0x000002691c74dd40 JavaThread "Unconstrained build operations Thread 51" [_thread_blocked, id=29312, stack(0x000000df48000000,0x000000df48100000)]
  0x000002691c7533e0 JavaThread "Unconstrained build operations Thread 52" [_thread_blocked, id=21484, stack(0x000000df48100000,0x000000df48200000)]
  0x000002691c74d870 JavaThread "Unconstrained build operations Thread 53" [_thread_blocked, id=29412, stack(0x000000df48200000,0x000000df48300000)]
  0x000002691c74e210 JavaThread "Unconstrained build operations Thread 54" [_thread_blocked, id=30728, stack(0x000000df48300000,0x000000df48400000)]
  0x000002691c74fa20 JavaThread "Unconstrained build operations Thread 55" [_thread_blocked, id=4868, stack(0x000000df48400000,0x000000df48500000)]
  0x000002691c74fef0 JavaThread "Unconstrained build operations Thread 56" [_thread_blocked, id=16712, stack(0x000000df48500000,0x000000df48600000)]
  0x000002691c7503c0 JavaThread "Unconstrained build operations Thread 57" [_thread_blocked, id=30512, stack(0x000000df48600000,0x000000df48700000)]
  0x000002691c750890 JavaThread "Unconstrained build operations Thread 58" [_thread_blocked, id=20676, stack(0x000000df48700000,0x000000df48800000)]
  0x000002691c751230 JavaThread "Unconstrained build operations Thread 59" [_thread_blocked, id=19288, stack(0x000000df48800000,0x000000df48900000)]
  0x000002691c751700 JavaThread "Unconstrained build operations Thread 60" [_thread_blocked, id=30364, stack(0x000000df48900000,0x000000df48a00000)]
  0x000002691c751bd0 JavaThread "Unconstrained build operations Thread 61" [_thread_blocked, id=20576, stack(0x000000df48a00000,0x000000df48b00000)]
  0x0000026920483090 JavaThread "Unconstrained build operations Thread 62" [_thread_blocked, id=12308, stack(0x000000df48b00000,0x000000df48c00000)]
  0x00000269204826f0 JavaThread "Unconstrained build operations Thread 63" [_thread_blocked, id=22540, stack(0x000000df48c00000,0x000000df48d00000)]
  0x000002692047f200 JavaThread "Unconstrained build operations Thread 64" [_thread_blocked, id=16600, stack(0x000000df48d00000,0x000000df48e00000)]
  0x0000026920480a10 JavaThread "Unconstrained build operations Thread 65" [_thread_blocked, id=17604, stack(0x000000df48e00000,0x000000df48f00000)]
  0x000002692047e860 JavaThread "Unconstrained build operations Thread 66" [_thread_blocked, id=14152, stack(0x000000df48f00000,0x000000df49000000)]
  0x00000269204843d0 JavaThread "Unconstrained build operations Thread 67" [_thread_blocked, id=17240, stack(0x000000df49000000,0x000000df49100000)]
  0x00000269204848a0 JavaThread "Unconstrained build operations Thread 68" [_thread_blocked, id=11072, stack(0x000000df49100000,0x000000df49200000)]
  0x0000026920480540 JavaThread "Unconstrained build operations Thread 69" [_thread_blocked, id=31264, stack(0x000000df49200000,0x000000df49300000)]
  0x0000026920482220 JavaThread "Unconstrained build operations Thread 70" [_thread_blocked, id=16760, stack(0x000000df49300000,0x000000df49400000)]
  0x0000026920481880 JavaThread "Unconstrained build operations Thread 71" [_thread_blocked, id=31412, stack(0x000000df49400000,0x000000df49500000)]
  0x0000026920480ee0 JavaThread "Unconstrained build operations Thread 72" [_thread_blocked, id=20932, stack(0x000000df49500000,0x000000df49600000)]
  0x0000026920484d70 JavaThread "Unconstrained build operations Thread 73" [_thread_blocked, id=26388, stack(0x000000df49600000,0x000000df49700000)]
  0x0000026920483560 JavaThread "Unconstrained build operations Thread 74" [_thread_blocked, id=22228, stack(0x000000df49700000,0x000000df49800000)]
  0x0000026920485240 JavaThread "Unconstrained build operations Thread 75" [_thread_blocked, id=25936, stack(0x000000df49800000,0x000000df49900000)]
  0x00000269204813b0 JavaThread "Unconstrained build operations Thread 76" [_thread_blocked, id=30184, stack(0x000000df49900000,0x000000df49a00000)]
  0x000002692047f6d0 JavaThread "Unconstrained build operations Thread 77" [_thread_blocked, id=28668, stack(0x000000df49a00000,0x000000df49b00000)]
  0x0000026920481d50 JavaThread "Unconstrained build operations Thread 78" [_thread_blocked, id=29336, stack(0x000000df49b00000,0x000000df49c00000)]
  0x0000026920482bc0 JavaThread "Unconstrained build operations Thread 79" [_thread_blocked, id=16884, stack(0x000000df49c00000,0x000000df49d00000)]
  0x0000026920483f00 JavaThread "Unconstrained build operations Thread 80" [_thread_blocked, id=21000, stack(0x000000df49d00000,0x000000df49e00000)]
  0x000002692047fba0 JavaThread "Unconstrained build operations Thread 81" [_thread_blocked, id=23088, stack(0x000000df49e00000,0x000000df49f00000)]
  0x0000026920483a30 JavaThread "Unconstrained build operations Thread 82" [_thread_blocked, id=29188, stack(0x000000df49f00000,0x000000df4a000000)]
  0x000002692047d9f0 JavaThread "Unconstrained build operations Thread 83" [_thread_blocked, id=8096, stack(0x000000df4a000000,0x000000df4a100000)]
  0x0000026920480070 JavaThread "Unconstrained build operations Thread 84" [_thread_blocked, id=31268, stack(0x000000df4a100000,0x000000df4a200000)]
  0x000002692047dec0 JavaThread "Unconstrained build operations Thread 85" [_thread_blocked, id=24732, stack(0x000000df4a200000,0x000000df4a300000)]
  0x000002692047e390 JavaThread "Unconstrained build operations Thread 86" [_thread_blocked, id=15732, stack(0x000000df4a300000,0x000000df4a400000)]
  0x000002692047ed30 JavaThread "Unconstrained build operations Thread 87" [_thread_blocked, id=15792, stack(0x000000df4a400000,0x000000df4a500000)]
  0x000002691c68bd10 JavaThread "Unconstrained build operations Thread 88" [_thread_blocked, id=8348, stack(0x000000df4a500000,0x000000df4a600000)]
  0x000002691c68dec0 JavaThread "Unconstrained build operations Thread 89" [_thread_blocked, id=4208, stack(0x000000df4a600000,0x000000df4a700000)]
  0x000002691c68c1e0 JavaThread "Unconstrained build operations Thread 90" [_thread_blocked, id=14404, stack(0x000000df4a700000,0x000000df4a800000)]
  0x000002691c68e390 JavaThread "Unconstrained build operations Thread 91" [_thread_blocked, id=20208, stack(0x000000df4a800000,0x000000df4a900000)]
  0x000002691c690ee0 JavaThread "Unconstrained build operations Thread 92" [_thread_blocked, id=32580, stack(0x000000df4a900000,0x000000df4aa00000)]
  0x000002691c68cb80 JavaThread "Unconstrained build operations Thread 93" [_thread_blocked, id=19208, stack(0x000000df4aa00000,0x000000df4ab00000)]
  0x000002691c68f200 JavaThread "Unconstrained build operations Thread 94" [_thread_blocked, id=17560, stack(0x000000df4ab00000,0x000000df4ac00000)]
  0x000002691c68a500 JavaThread "Unconstrained build operations Thread 95" [_thread_blocked, id=30176, stack(0x000000df4ac00000,0x000000df4ad00000)]
  0x000002691c691880 JavaThread "Unconstrained build operations Thread 96" [_thread_blocked, id=22040, stack(0x000000df4ad00000,0x000000df4ae00000)]
  0x000002691c691d50 JavaThread "Unconstrained build operations Thread 97" [_thread_blocked, id=29116, stack(0x000000df4ae00000,0x000000df4af00000)]
  0x000002691c68ed30 JavaThread "Unconstrained build operations Thread 98" [_thread_blocked, id=20132, stack(0x000000df4af00000,0x000000df4b000000)]
  0x000002691c68fba0 JavaThread "Unconstrained build operations Thread 99" [_thread_blocked, id=27584, stack(0x000000df4b000000,0x000000df4b100000)]
  0x000002691c68e860 JavaThread "Unconstrained build operations Thread 100" [_thread_blocked, id=32504, stack(0x000000df4b100000,0x000000df4b200000)]
  0x000002691c68a9d0 JavaThread "Unconstrained build operations Thread 101" [_thread_blocked, id=13304, stack(0x000000df4b200000,0x000000df4b300000)]
  0x000002691c68d9f0 JavaThread "Unconstrained build operations Thread 102" [_thread_blocked, id=14156, stack(0x000000df4b300000,0x000000df4b400000)]
  0x000002691c68aea0 JavaThread "Unconstrained build operations Thread 103" [_thread_blocked, id=30524, stack(0x000000df4b400000,0x000000df4b500000)]
  0x000002691c68c6b0 JavaThread "Unconstrained build operations Thread 104" [_thread_blocked, id=12440, stack(0x000000df4b500000,0x000000df4b600000)]
  0x000002691c690070 JavaThread "Unconstrained build operations Thread 105" [_thread_blocked, id=26680, stack(0x000000df4b600000,0x000000df4b700000)]
  0x000002691c68b370 JavaThread "Unconstrained build operations Thread 106" [_thread_blocked, id=33604, stack(0x000000df4b700000,0x000000df4b800000)]
  0x000002691c68f6d0 JavaThread "Unconstrained build operations Thread 107" [_thread_blocked, id=32788, stack(0x000000df4b800000,0x000000df4b900000)]
  0x000002691c68d050 JavaThread "Unconstrained build operations Thread 108" [_thread_blocked, id=13632, stack(0x000000df4b900000,0x000000df4ba00000)]
  0x000002691c690540 JavaThread "Unconstrained build operations Thread 109" [_thread_blocked, id=26004, stack(0x000000df4ba00000,0x000000df4bb00000)]
  0x000002691c690a10 JavaThread "Unconstrained build operations Thread 110" [_thread_blocked, id=25196, stack(0x000000df4bb00000,0x000000df4bc00000)]
  0x000002691c68d520 JavaThread "Unconstrained build operations Thread 111" [_thread_blocked, id=25864, stack(0x000000df4bc00000,0x000000df4bd00000)]
  0x000002691c6913b0 JavaThread "Unconstrained build operations Thread 112" [_thread_blocked, id=33704, stack(0x000000df4bd00000,0x000000df4be00000)]
  0x000002691c68b840 JavaThread "Unconstrained build operations Thread 113" [_thread_blocked, id=27880, stack(0x000000df4be00000,0x000000df4bf00000)]
  0x000002691e6723e0 JavaThread "Unconstrained build operations Thread 114" [_thread_blocked, id=11632, stack(0x000000df4bf00000,0x000000df4c000000)]
  0x000002691e66d6e0 JavaThread "Unconstrained build operations Thread 115" [_thread_blocked, id=31624, stack(0x000000df4c000000,0x000000df4c100000)]
  0x000002691e66d210 JavaThread "Unconstrained build operations Thread 116" [_thread_blocked, id=12980, stack(0x000000df4c100000,0x000000df4c200000)]
  0x000002691e66fd60 JavaThread "Unconstrained build operations Thread 117" [_thread_blocked, id=2936, stack(0x000000df4c200000,0x000000df4c300000)]
  0x000002691e670230 JavaThread "Unconstrained build operations Thread 118" [_thread_blocked, id=1008, stack(0x000000df4c300000,0x000000df4c400000)]
  0x000002691e670700 JavaThread "Unconstrained build operations Thread 119" [_thread_blocked, id=25940, stack(0x000000df4c400000,0x000000df4c500000)]
  0x000002691e6728b0 JavaThread "Unconstrained build operations Thread 120" [_thread_blocked, id=32692, stack(0x000000df4c500000,0x000000df4c600000)]
  0x000002691e66e080 JavaThread "Unconstrained build operations Thread 121" [_thread_blocked, id=2424, stack(0x000000df4c600000,0x000000df4c700000)]
  0x000002691e670bd0 JavaThread "Unconstrained build operations Thread 122" [_thread_blocked, id=10532, stack(0x000000df4c700000,0x000000df4c800000)]
  0x000002691e66b530 JavaThread "Unconstrained build operations Thread 123" [_thread_blocked, id=29056, stack(0x000000df4c800000,0x000000df4c900000)]
  0x000002691e671570 JavaThread "Unconstrained build operations Thread 124" [_thread_blocked, id=27924, stack(0x000000df4c900000,0x000000df4ca00000)]
  0x000002691e6710a0 JavaThread "Unconstrained build operations Thread 125" [_thread_blocked, id=21660, stack(0x000000df4ca00000,0x000000df4cb00000)]
  0x000002691e66dbb0 JavaThread "jar transforms Thread 6" [_thread_blocked, id=20664, stack(0x000000df4cb00000,0x000000df4cc00000)]
  0x000002691e66c870 JavaThread "jar transforms Thread 7" [_thread_blocked, id=7708, stack(0x000000df4cc00000,0x000000df4cd00000)]
  0x000002691e66c3a0 JavaThread "jar transforms Thread 8" [_thread_blocked, id=7432, stack(0x000000df4cd00000,0x000000df4ce00000)]
  0x000002691e66b060 JavaThread "jar transforms Thread 9" [_thread_blocked, id=31752, stack(0x000000df4ce00000,0x000000df4cf00000)]
  0x000002691e66eef0 JavaThread "jar transforms Thread 10" [_thread_blocked, id=19160, stack(0x000000df4cf00000,0x000000df4d000000)]
  0x000002691e66ba00 JavaThread "jar transforms Thread 11" [_thread_blocked, id=25964, stack(0x000000df4d000000,0x000000df4d100000)]
  0x000002691e66e550 JavaThread "jar transforms Thread 12" [_thread_blocked, id=15620, stack(0x000000df4d100000,0x000000df4d200000)]
  0x000002691e66ea20 JavaThread "jar transforms Thread 13" [_thread_blocked, id=22012, stack(0x000000df4d200000,0x000000df4d300000)]
  0x000002691e66cd40 JavaThread "jar transforms Thread 14" [_thread_blocked, id=26516, stack(0x000000df4d300000,0x000000df4d400000)]
  0x000002691e66f890 JavaThread "jar transforms Thread 15" [_thread_blocked, id=32536, stack(0x000000df4d400000,0x000000df4d500000)]
  0x000002691e671a40 JavaThread "jar transforms Thread 16" [_thread_blocked, id=28284, stack(0x000000df4d500000,0x000000df4d600000)]

Other Threads:
  0x000002691a864c90 VMThread "VM Thread" [stack: 0x000000df41300000,0x000000df41400000] [id=24156]
  0x000002691b5d9470 WatcherThread [stack: 0x000000df41f00000,0x000000df42000000] [id=28160]
  0x000002697fea63f0 GCTaskThread "GC Thread#0" [stack: 0x000000df40e00000,0x000000df40f00000] [id=21956]
  0x000002691c7cfb00 GCTaskThread "GC Thread#1" [stack: 0x000000df42000000,0x000000df42100000] [id=30548]
  0x000002691c43cc40 GCTaskThread "GC Thread#2" [stack: 0x000000df42100000,0x000000df42200000] [id=29240]
  0x000002691c23afb0 GCTaskThread "GC Thread#3" [stack: 0x000000df42200000,0x000000df42300000] [id=16076]
  0x000002691c379a80 GCTaskThread "GC Thread#4" [stack: 0x000000df42300000,0x000000df42400000] [id=8500]
  0x000002691c39b8a0 GCTaskThread "GC Thread#5" [stack: 0x000000df42e00000,0x000000df42f00000] [id=4792]
  0x000002691c39a880 GCTaskThread "GC Thread#6" [stack: 0x000000df42f00000,0x000000df43000000] [id=27580]
  0x000002691c39a070 GCTaskThread "GC Thread#7" [stack: 0x000000df43000000,0x000000df43100000] [id=16168]
  0x000002691c39ab30 GCTaskThread "GC Thread#8" [stack: 0x000000df43100000,0x000000df43200000] [id=2972]
  0x000002691c39b090 GCTaskThread "GC Thread#9" [stack: 0x000000df43200000,0x000000df43300000] [id=4800]
  0x000002691c39a320 GCTaskThread "GC Thread#10" [stack: 0x000000df43300000,0x000000df43400000] [id=7096]
  0x000002691c39a5d0 GCTaskThread "GC Thread#11" [stack: 0x000000df43400000,0x000000df43500000] [id=19080]
  0x000002691c39ade0 GCTaskThread "GC Thread#12" [stack: 0x000000df43500000,0x000000df43600000] [id=1044]
  0x000002697feb7330 ConcurrentGCThread "G1 Main Marker" [stack: 0x000000df40f00000,0x000000df41000000] [id=9692]
  0x000002697feb7d40 ConcurrentGCThread "G1 Conc#0" [stack: 0x000000df41000000,0x000000df41100000] [id=12396]
  0x000002691c39b340 ConcurrentGCThread "G1 Conc#1" [stack: 0x000000df43600000,0x000000df43700000] [id=29028]
  0x000002691c39b5f0 ConcurrentGCThread "G1 Conc#2" [stack: 0x000000df43700000,0x000000df43800000] [id=2172]
  0x000002697ff0e0b0 ConcurrentGCThread "G1 Refine#0" [stack: 0x000000df41100000,0x000000df41200000] [id=18976]
  0x000002697ff0ead0 ConcurrentGCThread "G1 Service" [stack: 0x000000df41200000,0x000000df41300000] [id=9704]

Threads with active compile tasks:
C2 CompilerThread0    38796 6558       4       java.util.zip.ZipFile$Source::initCEN (591 bytes)

VM state: not at safepoint (normal execution)

VM Mutex/Monitor currently owned by a thread: None

Heap address: 0x0000000080000000, size: 2048 MB, Compressed Oops mode: 32-bit

CDS archive(s) not mapped
Compressed class space mapped at: 0x0000000100000000-0x0000000140000000, reserved size: 1073741824
Narrow klass base: 0x0000000000000000, Narrow klass shift: 3, Narrow klass range: 0x140000000

GC Precious Log:
 CPUs: 16 total, 16 available
 Memory: 6005M
 Large Page Support: Disabled
 NUMA Support: Disabled
 Compressed Oops: Enabled (32-bit)
 Heap Region Size: 1M
 Heap Min Capacity: 8M
 Heap Initial Capacity: 94M
 Heap Max Capacity: 2G
 Pre-touch: Disabled
 Parallel Workers: 13
 Concurrent Workers: 3
 Concurrent Refinement Workers: 13
 Periodic GC: Disabled

Heap:
 garbage-first heap   total 82944K, used 50021K [0x0000000080000000, 0x0000000100000000)
  region size 1024K, 9 young (9216K), 2 survivors (2048K)
 Metaspace       used 60140K, committed 60672K, reserved 1105920K
  class space    used 7956K, committed 8192K, reserved 1048576K

Heap Regions: E=young(eden), S=young(survivor), O=old, HS=humongous(starts), HC=humongous(continues), CS=collection set, F=free, OA=open archive, CA=closed archive, TAMS=top-at-mark-start (previous, next)
|   0|0x0000000080000000, 0x0000000080100000, 0x0000000080100000|100%|HS|  |TAMS 0x0000000080100000, 0x0000000080000000| Complete 
|   1|0x0000000080100000, 0x0000000080200000, 0x0000000080200000|100%|HC|  |TAMS 0x0000000080200000, 0x0000000080100000| Complete 
|   2|0x0000000080200000, 0x0000000080300000, 0x0000000080300000|100%|HC|  |TAMS 0x0000000080300000, 0x0000000080200000| Complete 
|   3|0x0000000080300000, 0x0000000080400000, 0x0000000080400000|100%|HC|  |TAMS 0x0000000080400000, 0x0000000080300000| Complete 
|   4|0x0000000080400000, 0x0000000080500000, 0x0000000080500000|100%| O|  |TAMS 0x0000000080500000, 0x0000000080400000| Untracked 
|   5|0x0000000080500000, 0x0000000080600000, 0x0000000080600000|100%| O|  |TAMS 0x0000000080600000, 0x0000000080500000| Untracked 
|   6|0x0000000080600000, 0x0000000080700000, 0x0000000080700000|100%| O|  |TAMS 0x0000000080700000, 0x0000000080600000| Untracked 
|   7|0x0000000080700000, 0x0000000080749000, 0x0000000080800000| 28%| O|  |TAMS 0x0000000080749000, 0x0000000080700000| Complete 
|   8|0x0000000080800000, 0x0000000080900000, 0x0000000080900000|100%| O|  |TAMS 0x0000000080900000, 0x0000000080800000| Untracked 
|   9|0x0000000080900000, 0x0000000080a00000, 0x0000000080a00000|100%| O|  |TAMS 0x0000000080a00000, 0x0000000080900000| Untracked 
|  10|0x0000000080a00000, 0x0000000080b00000, 0x0000000080b00000|100%| O|  |TAMS 0x0000000080b00000, 0x0000000080a00000| Untracked 
|  11|0x0000000080b00000, 0x0000000080c00000, 0x0000000080c00000|100%| O|  |TAMS 0x0000000080c00000, 0x0000000080b00000| Untracked 
|  12|0x0000000080c00000, 0x0000000080d00000, 0x0000000080d00000|100%| O|  |TAMS 0x0000000080d00000, 0x0000000080c00000| Untracked 
|  13|0x0000000080d00000, 0x0000000080e00000, 0x0000000080e00000|100%| O|  |TAMS 0x0000000080e00000, 0x0000000080d00000| Untracked 
|  14|0x0000000080e00000, 0x0000000080f00000, 0x0000000080f00000|100%| O|  |TAMS 0x0000000080f00000, 0x0000000080e00000| Untracked 
|  15|0x0000000080f00000, 0x0000000081000000, 0x0000000081000000|100%| O|  |TAMS 0x0000000081000000, 0x0000000080f00000| Untracked 
|  16|0x0000000081000000, 0x0000000081100000, 0x0000000081100000|100%| O|  |TAMS 0x0000000081100000, 0x0000000081000000| Untracked 
|  17|0x0000000081100000, 0x0000000081200000, 0x0000000081200000|100%| O|  |TAMS 0x0000000081200000, 0x0000000081100000| Untracked 
|  18|0x0000000081200000, 0x0000000081300000, 0x0000000081300000|100%| O|  |TAMS 0x0000000081300000, 0x0000000081200000| Untracked 
|  19|0x0000000081300000, 0x0000000081400000, 0x0000000081400000|100%| O|  |TAMS 0x0000000081400000, 0x0000000081300000| Untracked 
|  20|0x0000000081400000, 0x0000000081500000, 0x0000000081500000|100%| O|  |TAMS 0x0000000081500000, 0x0000000081400000| Untracked 
|  21|0x0000000081500000, 0x0000000081600000, 0x0000000081600000|100%| O|  |TAMS 0x0000000081600000, 0x0000000081500000| Untracked 
|  22|0x0000000081600000, 0x0000000081700000, 0x0000000081700000|100%| O|  |TAMS 0x0000000081700000, 0x0000000081600000| Untracked 
|  23|0x0000000081700000, 0x0000000081800000, 0x0000000081800000|100%| O|  |TAMS 0x0000000081800000, 0x0000000081700000| Untracked 
|  24|0x0000000081800000, 0x0000000081900000, 0x0000000081900000|100%| O|  |TAMS 0x0000000081900000, 0x0000000081800000| Untracked 
|  25|0x0000000081900000, 0x0000000081a00000, 0x0000000081a00000|100%| O|  |TAMS 0x0000000081a00000, 0x0000000081900000| Untracked 
|  26|0x0000000081a00000, 0x0000000081b00000, 0x0000000081b00000|100%| O|  |TAMS 0x0000000081b00000, 0x0000000081a00000| Untracked 
|  27|0x0000000081b00000, 0x0000000081c00000, 0x0000000081c00000|100%| O|  |TAMS 0x0000000081c00000, 0x0000000081b00000| Untracked 
|  28|0x0000000081c00000, 0x0000000081d00000, 0x0000000081d00000|100%| O|  |TAMS 0x0000000081d00000, 0x0000000081c00000| Untracked 
|  29|0x0000000081d00000, 0x0000000081e00000, 0x0000000081e00000|100%| O|  |TAMS 0x0000000081e00000, 0x0000000081d00000| Untracked 
|  30|0x0000000081e00000, 0x0000000081f00000, 0x0000000081f00000|100%| O|  |TAMS 0x0000000081f00000, 0x0000000081e00000| Untracked 
|  31|0x0000000081f00000, 0x0000000082000000, 0x0000000082000000|100%| O|  |TAMS 0x0000000082000000, 0x0000000081f00000| Untracked 
|  32|0x0000000082000000, 0x0000000082100000, 0x0000000082100000|100%| O|  |TAMS 0x0000000082100000, 0x0000000082000000| Untracked 
|  33|0x0000000082100000, 0x0000000082200000, 0x0000000082200000|100%| O|  |TAMS 0x0000000082200000, 0x0000000082100000| Untracked 
|  34|0x0000000082200000, 0x0000000082300000, 0x0000000082300000|100%| O|  |TAMS 0x0000000082300000, 0x0000000082200000| Untracked 
|  35|0x0000000082300000, 0x0000000082400000, 0x0000000082400000|100%| O|  |TAMS 0x0000000082400000, 0x0000000082300000| Untracked 
|  36|0x0000000082400000, 0x0000000082500000, 0x0000000082500000|100%| O|  |TAMS 0x0000000082479c00, 0x0000000082400000| Untracked 
|  37|0x0000000082500000, 0x0000000082600000, 0x0000000082600000|100%| O|  |TAMS 0x0000000082500000, 0x0000000082500000| Untracked 
|  38|0x0000000082600000, 0x00000000826e5e00, 0x0000000082700000| 89%| O|  |TAMS 0x0000000082600000, 0x0000000082600000| Untracked 
|  39|0x0000000082700000, 0x0000000082800000, 0x0000000082800000|100%|HS|  |TAMS 0x0000000082700000, 0x0000000082700000| Complete 
|  40|0x0000000082800000, 0x0000000082900000, 0x0000000082900000|100%|HS|  |TAMS 0x0000000082800000, 0x0000000082800000| Complete 
|  41|0x0000000082900000, 0x0000000082a00000, 0x0000000082a00000|100%|HS|  |TAMS 0x0000000082900000, 0x0000000082900000| Complete 
|  42|0x0000000082a00000, 0x0000000082b00000, 0x0000000082b00000|100%|HS|  |TAMS 0x0000000082a00000, 0x0000000082a00000| Complete 
|  43|0x0000000082b00000, 0x0000000082b00000, 0x0000000082c00000|  0%| F|  |TAMS 0x0000000082b00000, 0x0000000082b00000| Untracked 
|  44|0x0000000082c00000, 0x0000000082c00000, 0x0000000082d00000|  0%| F|  |TAMS 0x0000000082c00000, 0x0000000082c00000| Untracked 
|  45|0x0000000082d00000, 0x0000000082d00000, 0x0000000082e00000|  0%| F|  |TAMS 0x0000000082d00000, 0x0000000082d00000| Untracked 
|  46|0x0000000082e00000, 0x0000000082e00000, 0x0000000082f00000|  0%| F|  |TAMS 0x0000000082e00000, 0x0000000082e00000| Untracked 
|  47|0x0000000082f00000, 0x0000000082f00000, 0x0000000083000000|  0%| F|  |TAMS 0x0000000082f00000, 0x0000000082f00000| Untracked 
|  48|0x0000000083000000, 0x0000000083000000, 0x0000000083100000|  0%| F|  |TAMS 0x0000000083000000, 0x0000000083000000| Untracked 
|  49|0x0000000083100000, 0x0000000083100000, 0x0000000083200000|  0%| F|  |TAMS 0x0000000083100000, 0x0000000083100000| Untracked 
|  50|0x0000000083200000, 0x0000000083200000, 0x0000000083300000|  0%| F|  |TAMS 0x0000000083200000, 0x0000000083200000| Untracked 
|  51|0x0000000083300000, 0x0000000083300000, 0x0000000083400000|  0%| F|  |TAMS 0x0000000083300000, 0x0000000083300000| Untracked 
|  52|0x0000000083400000, 0x0000000083400000, 0x0000000083500000|  0%| F|  |TAMS 0x0000000083400000, 0x0000000083400000| Untracked 
|  53|0x0000000083500000, 0x0000000083500000, 0x0000000083600000|  0%| F|  |TAMS 0x0000000083500000, 0x0000000083500000| Untracked 
|  54|0x0000000083600000, 0x0000000083600000, 0x0000000083700000|  0%| F|  |TAMS 0x0000000083600000, 0x0000000083600000| Untracked 
|  55|0x0000000083700000, 0x0000000083700000, 0x0000000083800000|  0%| F|  |TAMS 0x0000000083700000, 0x0000000083700000| Untracked 
|  56|0x0000000083800000, 0x0000000083800000, 0x0000000083900000|  0%| F|  |TAMS 0x0000000083800000, 0x0000000083800000| Untracked 
|  57|0x0000000083900000, 0x0000000083900000, 0x0000000083a00000|  0%| F|  |TAMS 0x0000000083900000, 0x0000000083900000| Untracked 
|  58|0x0000000083a00000, 0x0000000083a00000, 0x0000000083b00000|  0%| F|  |TAMS 0x0000000083a00000, 0x0000000083a00000| Untracked 
|  59|0x0000000083b00000, 0x0000000083b00000, 0x0000000083c00000|  0%| F|  |TAMS 0x0000000083b00000, 0x0000000083b00000| Untracked 
|  60|0x0000000083c00000, 0x0000000083c00000, 0x0000000083d00000|  0%| F|  |TAMS 0x0000000083c00000, 0x0000000083c00000| Untracked 
|  61|0x0000000083d00000, 0x0000000083d00000, 0x0000000083e00000|  0%| F|  |TAMS 0x0000000083d00000, 0x0000000083d00000| Untracked 
|  62|0x0000000083e00000, 0x0000000083e00000, 0x0000000083f00000|  0%| F|  |TAMS 0x0000000083e00000, 0x0000000083e00000| Untracked 
|  63|0x0000000083f00000, 0x0000000083f00000, 0x0000000084000000|  0%| F|  |TAMS 0x0000000083f00000, 0x0000000083f00000| Untracked 
|  64|0x0000000084000000, 0x0000000084000000, 0x0000000084100000|  0%| F|  |TAMS 0x0000000084000000, 0x0000000084000000| Untracked 
|  65|0x0000000084100000, 0x0000000084100000, 0x0000000084200000|  0%| F|  |TAMS 0x0000000084100000, 0x0000000084100000| Untracked 
|  66|0x0000000084200000, 0x00000000842aa7b0, 0x0000000084300000| 66%| S|CS|TAMS 0x0000000084200000, 0x0000000084200000| Complete 
|  67|0x0000000084300000, 0x0000000084400000, 0x0000000084400000|100%| S|CS|TAMS 0x0000000084300000, 0x0000000084300000| Complete 
|  68|0x0000000084400000, 0x0000000084400000, 0x0000000084500000|  0%| F|  |TAMS 0x0000000084400000, 0x0000000084400000| Untracked 
|  69|0x0000000084500000, 0x0000000084500000, 0x0000000084600000|  0%| F|  |TAMS 0x0000000084500000, 0x0000000084500000| Untracked 
|  70|0x0000000084600000, 0x0000000084600000, 0x0000000084700000|  0%| F|  |TAMS 0x0000000084600000, 0x0000000084600000| Untracked 
|  71|0x0000000084700000, 0x0000000084700000, 0x0000000084800000|  0%| F|  |TAMS 0x0000000084700000, 0x0000000084700000| Untracked 
|  72|0x0000000084800000, 0x0000000084800000, 0x0000000084900000|  0%| F|  |TAMS 0x0000000084800000, 0x0000000084800000| Untracked 
|  73|0x0000000084900000, 0x0000000084900000, 0x0000000084a00000|  0%| F|  |TAMS 0x0000000084900000, 0x0000000084900000| Untracked 
|  74|0x0000000084a00000, 0x0000000084ab5a58, 0x0000000084b00000| 70%| E|  |TAMS 0x0000000084a00000, 0x0000000084a00000| Complete 
|  75|0x0000000084b00000, 0x0000000084c00000, 0x0000000084c00000|100%| E|CS|TAMS 0x0000000084b00000, 0x0000000084b00000| Complete 
|  76|0x0000000084c00000, 0x0000000084d00000, 0x0000000084d00000|100%| E|  |TAMS 0x0000000084c00000, 0x0000000084c00000| Complete 
|  77|0x0000000084d00000, 0x0000000084e00000, 0x0000000084e00000|100%| E|CS|TAMS 0x0000000084d00000, 0x0000000084d00000| Complete 
|  78|0x0000000084e00000, 0x0000000084f00000, 0x0000000084f00000|100%| E|CS|TAMS 0x0000000084e00000, 0x0000000084e00000| Complete 
|  79|0x0000000084f00000, 0x0000000085000000, 0x0000000085000000|100%| E|CS|TAMS 0x0000000084f00000, 0x0000000084f00000| Complete 
|  93|0x0000000085d00000, 0x0000000085e00000, 0x0000000085e00000|100%| E|CS|TAMS 0x0000000085d00000, 0x0000000085d00000| Complete 

Card table byte_map: [0x0000026913080000,0x0000026913480000] _byte_map_base: 0x0000026912c80000

Marking Bits (Prev, Next): (CMBitMap*) 0x000002697fea6a00, (CMBitMap*) 0x000002697fea6a40
 Prev Bits: [0x0000026913880000, 0x0000026915880000)
 Next Bits: [0x0000026915880000, 0x0000026917880000)

Polling page: 0x000002697dd90000

Metaspace:

Usage:
  Non-class:     50.96 MB used.
      Class:      7.77 MB used.
       Both:     58.73 MB used.

Virtual space:
  Non-class space:       56.00 MB reserved,      51.25 MB ( 92%) committed,  7 nodes.
      Class space:        1.00 GB reserved,       8.00 MB ( <1%) committed,  1 nodes.
             Both:        1.05 GB reserved,      59.25 MB (  5%) committed. 

Chunk freelists:
   Non-Class:  336.00 KB
       Class:  46.00 KB
        Both:  382.00 KB

MaxMetaspaceSize: unlimited
CompressedClassSpaceSize: 1.00 GB
Initial GC threshold: 21.00 MB
Current GC threshold: 98.56 MB
CDS: off
MetaspaceReclaimPolicy: balanced
 - commit_granule_bytes: 65536.
 - commit_granule_words: 8192.
 - virtual_space_node_default_size: 1048576.
 - enlarge_chunks_in_place: 1.
 - new_chunks_are_fully_committed: 0.
 - uncommit_free_chunks: 1.
 - use_allocation_guard: 0.
 - handle_deallocations: 1.


Internal statistics:

num_allocs_failed_limit: 6.
num_arena_births: 598.
num_arena_deaths: 0.
num_vsnodes_births: 8.
num_vsnodes_deaths: 0.
num_space_committed: 948.
num_space_uncommitted: 0.
num_chunks_returned_to_freelist: 6.
num_chunks_taken_from_freelist: 2418.
num_chunk_merges: 6.
num_chunk_splits: 1594.
num_chunks_enlarged: 1095.
num_purges: 0.
num_inconsistent_stats: 0.

CodeHeap 'non-profiled nmethods': size=119168Kb used=2925Kb max_used=3275Kb free=116242Kb
 bounds [0x000002690afa0000, 0x000002690b2e0000, 0x0000026912400000]
CodeHeap 'profiled nmethods': size=119104Kb used=10691Kb max_used=11251Kb free=108412Kb
 bounds [0x0000026903400000, 0x0000026903f00000, 0x000002690a850000]
CodeHeap 'non-nmethods': size=7488Kb used=2357Kb max_used=2389Kb free=5130Kb
 bounds [0x000002690a850000, 0x000002690aac0000, 0x000002690afa0000]
 total_blobs=6597 nmethods=5716 adapters=792
 compilation: enabled
              stopped_count=0, restarted_count=0
 full_count=0

Compilation events (20 events):
Event: 38.550 Thread 0x000002691b43e910 6552       1       org.gradle.internal.logging.events.ProgressCompleteEvent::getProgressOperationId (5 bytes)
Event: 38.550 Thread 0x000002691b43e910 nmethod 6552 0x000002690b156810 code [0x000002690b1569a0, 0x000002690b156a78]
Event: 38.551 Thread 0x000002691b43e910 6553       3       org.gradle.internal.instantiation.generator.AbstractClassGenerator$ClassGenerationHandler::startType (1 bytes)
Event: 38.551 Thread 0x000002691b43e910 nmethod 6553 0x0000026903473790 code [0x0000026903473920, 0x0000026903473a38]
Event: 38.567 Thread 0x000002691a87e830 nmethod 6548% 0x000002690b017390 code [0x000002690b017640, 0x000002690b019d90]
Event: 38.567 Thread 0x000002691a87e830 6550 %     4       java.util.zip.ZipFile$Source::initCEN @ 240 (591 bytes)
Event: 38.576 Thread 0x000002691b43e910 6554       3       java.util.jar.Manifest$FastInputStream::readLine (296 bytes)
Event: 38.576 Thread 0x000002691b43e910 nmethod 6554 0x0000026903472910 code [0x0000026903472b40, 0x0000026903473448]
Event: 38.612 Thread 0x000002691b43e910 6556       3       java.util.StringTokenizer::scanToken (179 bytes)
Event: 38.613 Thread 0x000002691b43e910 nmethod 6556 0x000002690364dd90 code [0x000002690364e100, 0x000002690364f7b8]
Event: 38.616 Thread 0x000002691b43e910 6557   !   3       java.net.URL::getURLStreamHandler (191 bytes)
Event: 38.617 Thread 0x000002691b43e910 nmethod 6557 0x000002690364c810 code [0x000002690364cac0, 0x000002690364d8f8]
Event: 38.656 Thread 0x000002691a87e830 nmethod 6550% 0x000002690b0e1e10 code [0x000002690b0e2100, 0x000002690b0e4c10]
Event: 38.657 Thread 0x000002691a87e830 6555   !   4       sun.net.www.ParseUtil::decode (317 bytes)
Event: 38.682 Thread 0x000002691b43e910 6559       3       jdk.internal.loader.FileURLMapper::exists (19 bytes)
Event: 38.682 Thread 0x000002691b43e910 nmethod 6559 0x000002690364bd90 code [0x000002690364bfa0, 0x000002690364c5c8]
Event: 38.707 Thread 0x000002691a87e830 nmethod 6555 0x000002690afe6510 code [0x000002690afe6800, 0x000002690afe9500]
Event: 38.708 Thread 0x000002691a87e830 6558       4       java.util.zip.ZipFile$Source::initCEN (591 bytes)
Event: 38.732 Thread 0x000002691b43e910 6560       3       jdk.internal.util.jar.JarIndex::getJarIndex (28 bytes)
Event: 38.733 Thread 0x000002691b43e910 nmethod 6560 0x000002690348e390 code [0x000002690348e5c0, 0x000002690348efe8]

GC Heap History (20 events):
Event: 4.682 GC heap before
{Heap before GC invocations=6 (full 0):
 garbage-first heap   total 68608K, used 49107K [0x0000000080000000, 0x0000000100000000)
  region size 1024K, 30 young (30720K), 4 survivors (4096K)
 Metaspace       used 34839K, committed 35200K, reserved 1081344K
  class space    used 4804K, committed 4992K, reserved 1048576K
}
Event: 4.686 GC heap after
{Heap after GC invocations=7 (full 0):
 garbage-first heap   total 68608K, used 24059K [0x0000000080000000, 0x0000000100000000)
  region size 1024K, 4 young (4096K), 4 survivors (4096K)
 Metaspace       used 34839K, committed 35200K, reserved 1081344K
  class space    used 4804K, committed 4992K, reserved 1048576K
}
Event: 5.156 GC heap before
{Heap before GC invocations=7 (full 0):
 garbage-first heap   total 68608K, used 27131K [0x0000000080000000, 0x0000000100000000)
  region size 1024K, 9 young (9216K), 4 survivors (4096K)
 Metaspace       used 35649K, committed 35968K, reserved 1081344K
  class space    used 4874K, committed 5056K, reserved 1048576K
}
Event: 5.159 GC heap after
{Heap after GC invocations=8 (full 0):
 garbage-first heap   total 68608K, used 25104K [0x0000000080000000, 0x0000000100000000)
  region size 1024K, 3 young (3072K), 3 survivors (3072K)
 Metaspace       used 35649K, committed 35968K, reserved 1081344K
  class space    used 4874K, committed 5056K, reserved 1048576K
}
Event: 7.706 GC heap before
{Heap before GC invocations=9 (full 0):
 garbage-first heap   total 68608K, used 48656K [0x0000000080000000, 0x0000000100000000)
  region size 1024K, 27 young (27648K), 3 survivors (3072K)
 Metaspace       used 40547K, committed 40896K, reserved 1089536K
  class space    used 5357K, committed 5504K, reserved 1048576K
}
Event: 7.710 GC heap after
{Heap after GC invocations=10 (full 0):
 garbage-first heap   total 68608K, used 28600K [0x0000000080000000, 0x0000000100000000)
  region size 1024K, 4 young (4096K), 4 survivors (4096K)
 Metaspace       used 40547K, committed 40896K, reserved 1089536K
  class space    used 5357K, committed 5504K, reserved 1048576K
}
Event: 8.667 GC heap before
{Heap before GC invocations=10 (full 0):
 garbage-first heap   total 68608K, used 53176K [0x0000000080000000, 0x0000000100000000)
  region size 1024K, 26 young (26624K), 4 survivors (4096K)
 Metaspace       used 42994K, committed 43328K, reserved 1089536K
  class space    used 5624K, committed 5760K, reserved 1048576K
}
Event: 8.670 GC heap after
{Heap after GC invocations=11 (full 0):
 garbage-first heap   total 68608K, used 30263K [0x0000000080000000, 0x0000000100000000)
  region size 1024K, 3 young (3072K), 3 survivors (3072K)
 Metaspace       used 42994K, committed 43328K, reserved 1089536K
  class space    used 5624K, committed 5760K, reserved 1048576K
}
Event: 9.994 GC heap before
{Heap before GC invocations=11 (full 0):
 garbage-first heap   total 68608K, used 51767K [0x0000000080000000, 0x0000000100000000)
  region size 1024K, 24 young (24576K), 3 survivors (3072K)
 Metaspace       used 44880K, committed 45312K, reserved 1089536K
  class space    used 5821K, committed 6016K, reserved 1048576K
}
Event: 9.996 GC heap after
{Heap after GC invocations=12 (full 0):
 garbage-first heap   total 68608K, used 31729K [0x0000000080000000, 0x0000000100000000)
  region size 1024K, 2 young (2048K), 2 survivors (2048K)
 Metaspace       used 44880K, committed 45312K, reserved 1089536K
  class space    used 5821K, committed 6016K, reserved 1048576K
}
Event: 11.520 GC heap before
{Heap before GC invocations=12 (full 0):
 garbage-first heap   total 68608K, used 52209K [0x0000000080000000, 0x0000000100000000)
  region size 1024K, 22 young (22528K), 2 survivors (2048K)
 Metaspace       used 47417K, committed 47872K, reserved 1097728K
  class space    used 6246K, committed 6464K, reserved 1048576K
}
Event: 11.522 GC heap after
{Heap after GC invocations=13 (full 0):
 garbage-first heap   total 68608K, used 32941K [0x0000000080000000, 0x0000000100000000)
  region size 1024K, 3 young (3072K), 3 survivors (3072K)
 Metaspace       used 47417K, committed 47872K, reserved 1097728K
  class space    used 6246K, committed 6464K, reserved 1048576K
}
Event: 14.383 GC heap before
{Heap before GC invocations=14 (full 0):
 garbage-first heap   total 68608K, used 53421K [0x0000000080000000, 0x0000000100000000)
  region size 1024K, 23 young (23552K), 3 survivors (3072K)
 Metaspace       used 50311K, committed 50752K, reserved 1097728K
  class space    used 6724K, committed 6912K, reserved 1048576K
}
Event: 14.386 GC heap after
{Heap after GC invocations=15 (full 0):
 garbage-first heap   total 82944K, used 33955K [0x0000000080000000, 0x0000000100000000)
  region size 1024K, 3 young (3072K), 3 survivors (3072K)
 Metaspace       used 50311K, committed 50752K, reserved 1097728K
  class space    used 6724K, committed 6912K, reserved 1048576K
}
Event: 24.479 GC heap before
{Heap before GC invocations=15 (full 0):
 garbage-first heap   total 82944K, used 63651K [0x0000000080000000, 0x0000000100000000)
  region size 1024K, 32 young (32768K), 3 survivors (3072K)
 Metaspace       used 55207K, committed 55744K, reserved 1097728K
  class space    used 7307K, committed 7552K, reserved 1048576K
}
Event: 24.483 GC heap after
{Heap after GC invocations=16 (full 0):
 garbage-first heap   total 82944K, used 36738K [0x0000000080000000, 0x0000000100000000)
  region size 1024K, 4 young (4096K), 4 survivors (4096K)
 Metaspace       used 55207K, committed 55744K, reserved 1097728K
  class space    used 7307K, committed 7552K, reserved 1048576K
}
Event: 36.982 GC heap before
{Heap before GC invocations=16 (full 0):
 garbage-first heap   total 82944K, used 64386K [0x0000000080000000, 0x0000000100000000)
  region size 1024K, 32 young (32768K), 4 survivors (4096K)
 Metaspace       used 59667K, committed 60096K, reserved 1105920K
  class space    used 7907K, committed 8128K, reserved 1048576K
}
Event: 36.986 GC heap after
{Heap after GC invocations=17 (full 0):
 garbage-first heap   total 82944K, used 39241K [0x0000000080000000, 0x0000000100000000)
  region size 1024K, 3 young (3072K), 3 survivors (3072K)
 Metaspace       used 59667K, committed 60096K, reserved 1105920K
  class space    used 7907K, committed 8128K, reserved 1048576K
}
Event: 38.478 GC heap before
{Heap before GC invocations=17 (full 0):
 garbage-first heap   total 82944K, used 50505K [0x0000000080000000, 0x0000000100000000)
  region size 1024K, 16 young (16384K), 3 survivors (3072K)
 Metaspace       used 60067K, committed 60544K, reserved 1105920K
  class space    used 7948K, committed 8128K, reserved 1048576K
}
Event: 38.481 GC heap after
{Heap after GC invocations=18 (full 0):
 garbage-first heap   total 82944K, used 40805K [0x0000000080000000, 0x0000000100000000)
  region size 1024K, 2 young (2048K), 2 survivors (2048K)
 Metaspace       used 60067K, committed 60544K, reserved 1105920K
  class space    used 7948K, committed 8128K, reserved 1048576K
}

Dll operation events (2 events):
Event: 0.053 Loaded shared library C:\Program Files\Android\Android Studio1\jbr\bin\java.dll
Event: 0.474 Loaded shared library C:\Program Files\Android\Android Studio1\jbr\bin\verify.dll

Deoptimization events (20 events):
Event: 38.214 Thread 0x000002691da22080 DEOPT PACKING pc=0x000002690b1028ec sp=0x000000df42af8800
Event: 38.214 Thread 0x000002691da22080 DEOPT UNPACKING pc=0x000002690a8a69a3 sp=0x000000df42af8770 mode 2
Event: 38.215 Thread 0x000002691da1f060 DEOPT PACKING pc=0x000002690376913a sp=0x000000df42dfe590
Event: 38.215 Thread 0x000002691da1f060 DEOPT UNPACKING pc=0x000002690a8a7143 sp=0x000000df42dfda08 mode 0
Event: 38.474 Thread 0x000002691da22080 Uncommon trap: trap_request=0xfffffff4 fr.pc=0x000002690b28c220 relative=0x0000000000000740
Event: 38.474 Thread 0x000002691da22080 Uncommon trap: reason=null_check action=make_not_entrant pc=0x000002690b28c220 method=org.gradle.util.internal.SimpleMapInterner.intern(Ljava/lang/Object;)Ljava/lang/Object; @ 2 c2
Event: 38.474 Thread 0x000002691da22080 DEOPT PACKING pc=0x000002690b28c220 sp=0x000000df42af95b0
Event: 38.474 Thread 0x000002691da22080 DEOPT UNPACKING pc=0x000002690a8a69a3 sp=0x000000df42af9578 mode 2
Event: 38.475 Thread 0x000002691da22080 Uncommon trap: trap_request=0xffffffc6 fr.pc=0x000002690b0c8680 relative=0x0000000000000240
Event: 38.475 Thread 0x000002691da22080 Uncommon trap: reason=bimorphic_or_optimized_type_check action=maybe_recompile pc=0x000002690b0c8680 method=com.google.common.base.CharMatcher.indexIn(Ljava/lang/CharSequence;I)I @ 31 c2
Event: 38.475 Thread 0x000002691da22080 DEOPT PACKING pc=0x000002690b0c8680 sp=0x000000df42af9ac0
Event: 38.475 Thread 0x000002691da22080 DEOPT UNPACKING pc=0x000002690a8a69a3 sp=0x000000df42af9a68 mode 2
Event: 38.547 Thread 0x000002691da22080 Uncommon trap: trap_request=0xffffff45 fr.pc=0x000002690aff2cb0 relative=0x0000000000000670
Event: 38.547 Thread 0x000002691da22080 Uncommon trap: reason=unstable_if action=reinterpret pc=0x000002690aff2cb0 method=java.util.jar.Manifest$FastInputStream.readLine([BII)I @ 130 c2
Event: 38.547 Thread 0x000002691da22080 DEOPT PACKING pc=0x000002690aff2cb0 sp=0x000000df42af8a80
Event: 38.547 Thread 0x000002691da22080 DEOPT UNPACKING pc=0x000002690a8a69a3 sp=0x000000df42af8a10 mode 2
Event: 38.579 Thread 0x000002691da22080 DEOPT PACKING pc=0x0000026903475ba3 sp=0x000000df42af6e00
Event: 38.579 Thread 0x000002691da22080 DEOPT UNPACKING pc=0x000002690a8a7143 sp=0x000000df42af6348 mode 0
Event: 38.668 Thread 0x000002691da22080 DEOPT PACKING pc=0x00000269034d8b93 sp=0x000000df42af6ac0
Event: 38.668 Thread 0x000002691da22080 DEOPT UNPACKING pc=0x000002690a8a7143 sp=0x000000df42af6050 mode 0

Classes unloaded (0 events):
No events

Classes redefined (0 events):
No events

Internal exceptions (20 events):
Event: 11.816 Thread 0x000002691da1f060 Exception <a 'java/lang/NoSuchMethodError'{0x0000000083f85b58}: static Lorg/gradle/internal/build/event/types/DefaultProjectConfigurationDescriptor;.<clinit>()V> (0x0000000083f85b58) 
thrown [s\src\hotspot\share\prims\jni.cpp, line 1108]
Event: 11.816 Thread 0x000002691da1f060 Exception <a 'java/lang/NoSuchMethodError'{0x0000000083f880c0}: static Lorg/gradle/internal/build/event/types/DefaultOperationDescriptor;.<clinit>()V> (0x0000000083f880c0) 
thrown [s\src\hotspot\share\prims\jni.cpp, line 1108]
Event: 11.818 Thread 0x000002691da1f060 Exception <a 'java/lang/NoSuchMethodError'{0x0000000083f9ec90}: static Lorg/gradle/internal/operations/OperationIdentifier;.<clinit>()V> (0x0000000083f9ec90) 
thrown [s\src\hotspot\share\prims\jni.cpp, line 1108]
Event: 15.767 Thread 0x000002691da22080 Exception <a 'java/lang/NoSuchMethodError'{0x00000000846caff8}: 'int java.lang.invoke.DirectMethodHandle$Holder.invokeStatic(java.lang.Object)'> (0x00000000846caff8) 
thrown [s\src\hotspot\share\interpreter\linkResolver.cpp, line 771]
Event: 15.767 Thread 0x000002691da22080 Exception <a 'java/lang/NoSuchMethodError'{0x00000000846cf690}: 'int java.lang.invoke.DirectMethodHandle$Holder.invokeStaticInit(java.lang.Object)'> (0x00000000846cf690) 
thrown [s\src\hotspot\share\interpreter\linkResolver.cpp, line 771]
Event: 15.811 Thread 0x000002691da22080 Exception <a 'java/lang/NoSuchMethodError'{0x0000000084544b40}: 'java.lang.Object java.lang.invoke.DirectMethodHandle$Holder.newInvokeSpecial(java.lang.Object, java.lang.Object, java.lang.Object, java.lang.Object, java.lang.Object, int)'> (0x0000000084544b40) 
thrown [s\src\hotspot\share\interpreter\linkResolver.cpp, line 771]
Event: 15.811 Thread 0x000002691da22080 Exception <a 'java/lang/NoSuchMethodError'{0x000000008454a198}: 'java.lang.Object java.lang.invoke.DirectMethodHandle$Holder.invokeSpecial(java.lang.Object, java.lang.Object, java.lang.Object, java.lang.Object, java.lang.Object, java.lang.Object, int)'> (0x000000008454a198) 
thrown [s\src\hotspot\share\interpreter\linkResolver.cpp, line 771]
Event: 15.879 Thread 0x000002691da22080 Exception <a 'java/lang/NoSuchMethodError'{0x000000008441b980}: 'void java.lang.invoke.DirectMethodHandle$Holder.invokeStatic(java.lang.Object, java.lang.Object, java.lang.Object, int, java.lang.Object)'> (0x000000008441b980) 
thrown [s\src\hotspot\share\interpreter\linkResolver.cpp, line 771]
Event: 23.388 Thread 0x000002691da22080 Implicit null exception at 0x000002690afd75f2 to 0x000002690afd7bcc
Event: 23.454 Thread 0x000002691da22080 Exception <a 'sun/nio/fs/WindowsException'{0x00000000838c4ab8}> (0x00000000838c4ab8) 
thrown [s\src\hotspot\share\prims\jni.cpp, line 517]
Event: 38.203 Thread 0x000002691da22080 Exception <a 'java/lang/NoSuchMethodError'{0x0000000084b7bb00}: 'long java.lang.invoke.DirectMethodHandle$Holder.invokeVirtual(java.lang.Object, java.lang.Object)'> (0x0000000084b7bb00) 
thrown [s\src\hotspot\share\interpreter\linkResolver.cpp, line 771]
Event: 38.213 Thread 0x000002691da1f060 Exception <a 'java/lang/NoSuchMethodError'{0x0000000084bde580}: static Lorg/gradle/internal/build/event/types/DefaultOperationFinishedProgressEvent;.<clinit>()V> (0x0000000084bde580) 
thrown [s\src\hotspot\share\prims\jni.cpp, line 1108]
Event: 38.215 Thread 0x000002691da1f060 Exception <a 'java/lang/NoSuchMethodError'{0x0000000084a06278}: static Lorg/gradle/internal/build/event/types/DefaultProjectConfigurationSuccessResult;.<clinit>()V> (0x0000000084a06278) 
thrown [s\src\hotspot\share\prims\jni.cpp, line 1108]
Event: 38.215 Thread 0x000002691da1f060 Exception <a 'java/lang/NoSuchMethodError'{0x0000000084a077f8}: static Lorg/gradle/internal/build/event/types/AbstractProjectConfigurationResult;.<clinit>()V> (0x0000000084a077f8) 
thrown [s\src\hotspot\share\prims\jni.cpp, line 1108]
Event: 38.215 Thread 0x000002691da1f060 Exception <a 'java/lang/NoSuchMethodError'{0x0000000084a08f60}: static Lorg/gradle/internal/build/event/types/AbstractOperationResult;.<clinit>()V> (0x0000000084a08f60) 
thrown [s\src\hotspot\share\prims\jni.cpp, line 1108]
Event: 38.215 Thread 0x000002691da1f060 Exception <a 'java/lang/NoSuchMethodError'{0x0000000084a0a160}: static Lorg/gradle/internal/build/event/types/AbstractResult;.<clinit>()V> (0x0000000084a0a160) 
thrown [s\src\hotspot\share\prims\jni.cpp, line 1108]
Event: 38.217 Thread 0x000002691da1f060 Exception <a 'java/lang/NoSuchMethodError'{0x0000000084a21180}: static Lorg/gradle/internal/build/event/types/DefaultPluginApplicationResult;.<clinit>()V> (0x0000000084a21180) 
thrown [s\src\hotspot\share\prims\jni.cpp, line 1108]
Event: 38.218 Thread 0x000002691da1f060 Exception <a 'java/lang/NoSuchMethodError'{0x0000000084a2d520}: static Lorg/gradle/internal/build/event/types/DefaultBinaryPluginIdentifier;.<clinit>()V> (0x0000000084a2d520) 
thrown [s\src\hotspot\share\prims\jni.cpp, line 1108]
Event: 38.221 Thread 0x000002691da1f060 Exception <a 'java/lang/NoSuchMethodError'{0x0000000084a446b0}: static Lorg/gradle/internal/build/event/types/DefaultScriptPluginIdentifier;.<clinit>()V> (0x0000000084a446b0) 
thrown [s\src\hotspot\share\prims\jni.cpp, line 1108]
Event: 38.474 Thread 0x000002691da22080 Implicit null exception at 0x000002690b28bb0f to 0x000002690b28c210

VM Operations (20 events):
Event: 32.487 Executing VM operation: HandshakeAllThreads
Event: 32.488 Executing VM operation: HandshakeAllThreads done
Event: 32.877 Executing VM operation: HandshakeAllThreads
Event: 32.878 Executing VM operation: HandshakeAllThreads done
Event: 33.880 Executing VM operation: Cleanup
Event: 33.881 Executing VM operation: Cleanup done
Event: 34.895 Executing VM operation: Cleanup
Event: 34.895 Executing VM operation: Cleanup done
Event: 36.903 Executing VM operation: Cleanup
Event: 36.904 Executing VM operation: Cleanup done
Event: 36.982 Executing VM operation: G1CollectForAllocation
Event: 36.986 Executing VM operation: G1CollectForAllocation done
Event: 37.999 Executing VM operation: Cleanup
Event: 37.999 Executing VM operation: Cleanup done
Event: 38.477 Executing VM operation: G1TryInitiateConcMark
Event: 38.481 Executing VM operation: G1TryInitiateConcMark done
Event: 38.496 Executing VM operation: G1Concurrent
Event: 38.499 Executing VM operation: G1Concurrent done
Event: 38.506 Executing VM operation: G1Concurrent
Event: 38.506 Executing VM operation: G1Concurrent done

Events (20 events):
Event: 37.086 Thread 0x000002691e66b060 Thread added: 0x000002691e66b060
Event: 37.086 Thread 0x000002691e66eef0 Thread added: 0x000002691e66eef0
Event: 37.086 Thread 0x000002691e66ba00 Thread added: 0x000002691e66ba00
Event: 37.086 Thread 0x000002691e66e550 Thread added: 0x000002691e66e550
Event: 37.086 Thread 0x000002691e66ea20 Thread added: 0x000002691e66ea20
Event: 37.087 Thread 0x000002691e66cd40 Thread added: 0x000002691e66cd40
Event: 37.087 Thread 0x000002691e66f890 Thread added: 0x000002691e66f890
Event: 37.087 Thread 0x000002691e671a40 Thread added: 0x000002691e671a40
Event: 38.204 loading class java/util/stream/SortedOps
Event: 38.206 loading class java/util/stream/SortedOps done
Event: 38.206 loading class java/util/stream/SortedOps$OfRef
Event: 38.208 loading class java/util/stream/ReferencePipeline$StatefulOp
Event: 38.210 loading class java/util/stream/ReferencePipeline$StatefulOp done
Event: 38.210 loading class java/util/stream/SortedOps$OfRef done
Event: 38.211 loading class java/util/stream/SortedOps$RefSortingSink
Event: 38.211 loading class java/util/stream/SortedOps$AbstractRefSortingSink
Event: 38.211 loading class java/util/stream/SortedOps$AbstractRefSortingSink done
Event: 38.211 loading class java/util/stream/SortedOps$RefSortingSink done
Event: 38.219 loading class java/time/Ser
Event: 38.219 loading class java/time/Ser done


Dynamic libraries:
0x00007ff6e6cb0000 - 0x00007ff6e6cba000 	C:\Program Files\Android\Android Studio1\jbr\bin\java.exe
0x00007ff91eef0000 - 0x00007ff91f0e8000 	C:\Windows\SYSTEM32\ntdll.dll
0x00007ff91ea80000 - 0x00007ff91eb3d000 	C:\Windows\System32\KERNEL32.DLL
0x00007ff91c960000 - 0x00007ff91cc56000 	C:\Windows\System32\KERNELBASE.dll
0x00007ff9198b0000 - 0x00007ff919940000 	C:\Windows\SYSTEM32\apphelp.dll
0x00007ff91c5d0000 - 0x00007ff91c6d0000 	C:\Windows\System32\ucrtbase.dll
0x00007ff8f8b20000 - 0x00007ff8f8b37000 	C:\Program Files\Android\Android Studio1\jbr\bin\jli.dll
0x00007ff8f8710000 - 0x00007ff8f872b000 	C:\Program Files\Android\Android Studio1\jbr\bin\VCRUNTIME140.dll
0x00007ff91e8e0000 - 0x00007ff91ea7e000 	C:\Windows\System32\USER32.dll
0x00007ff91ce90000 - 0x00007ff91ceb2000 	C:\Windows\System32\win32u.dll
0x00007ff91e820000 - 0x00007ff91e84c000 	C:\Windows\System32\GDI32.dll
0x00007ff91ccd0000 - 0x00007ff91cdea000 	C:\Windows\System32\gdi32full.dll
0x00007ff90a720000 - 0x00007ff90a9ba000 	C:\Windows\WinSxS\amd64_microsoft.windows.common-controls_6595b64144ccf1df_6.0.19041.3636_none_60b6a03d71f818d5\COMCTL32.dll
0x00007ff91cdf0000 - 0x00007ff91ce8d000 	C:\Windows\System32\msvcp_win.dll
0x00007ff91d200000 - 0x00007ff91d29e000 	C:\Windows\System32\msvcrt.dll
0x00007ff91d1c0000 - 0x00007ff91d1f0000 	C:\Windows\System32\IMM32.DLL
0x00007ff909870000 - 0x00007ff90987c000 	C:\Program Files\Android\Android Studio1\jbr\bin\vcruntime140_1.dll
0x00007ff8e6d60000 - 0x00007ff8e6ded000 	C:\Program Files\Android\Android Studio1\jbr\bin\msvcp140.dll
0x00007ff8ad820000 - 0x00007ff8ae48e000 	C:\Program Files\Android\Android Studio1\jbr\bin\server\jvm.dll
0x00007ff91d060000 - 0x00007ff91d10f000 	C:\Windows\System32\ADVAPI32.dll
0x00007ff91dfb0000 - 0x00007ff91e04c000 	C:\Windows\System32\sechost.dll
0x00007ff91ebc0000 - 0x00007ff91ece6000 	C:\Windows\System32\RPCRT4.dll
0x00007ff910df0000 - 0x00007ff910e17000 	C:\Windows\SYSTEM32\WINMM.dll
0x00007ff911250000 - 0x00007ff91125a000 	C:\Windows\SYSTEM32\VERSION.dll
0x00007ff90aa20000 - 0x00007ff90aa29000 	C:\Windows\SYSTEM32\WSOCK32.dll
0x00007ff91ee30000 - 0x00007ff91ee9b000 	C:\Windows\System32\ws2_32.DLL
0x00007ff91ade0000 - 0x00007ff91adf2000 	C:\Windows\SYSTEM32\kernel.appcore.dll
0x00007ff913c50000 - 0x00007ff913c5a000 	C:\Program Files\Android\Android Studio1\jbr\bin\jimage.dll
0x00007ff91a400000 - 0x00007ff91a5e4000 	C:\Windows\SYSTEM32\DBGHELP.DLL
0x00007ff906490000 - 0x00007ff9064c4000 	C:\Windows\SYSTEM32\dbgcore.DLL
0x00007ff91cec0000 - 0x00007ff91cf42000 	C:\Windows\System32\bcryptPrimitives.dll
0x00007ff8ede00000 - 0x00007ff8ede25000 	C:\Program Files\Android\Android Studio1\jbr\bin\java.dll
0x00007ff8fc050000 - 0x00007ff8fc068000 	C:\Program Files\Android\Android Studio1\jbr\bin\zip.dll
0x00007ff91d730000 - 0x00007ff91de74000 	C:\Windows\System32\SHELL32.dll
0x00007ff91a630000 - 0x00007ff91adcb000 	C:\Windows\SYSTEM32\windows.storage.dll
0x00007ff91e4c0000 - 0x00007ff91e814000 	C:\Windows\System32\combase.dll
0x00007ff91bfa0000 - 0x00007ff91bfcd000 	C:\Windows\SYSTEM32\Wldp.dll
0x00007ff91cfb0000 - 0x00007ff91d05d000 	C:\Windows\System32\SHCORE.dll
0x00007ff91edd0000 - 0x00007ff91ee25000 	C:\Windows\System32\shlwapi.dll
0x00007ff91c500000 - 0x00007ff91c525000 	C:\Windows\SYSTEM32\profapi.dll
0x00007ff8fbee0000 - 0x00007ff8fbef9000 	C:\Program Files\Android\Android Studio1\jbr\bin\net.dll
0x00007ff9149c0000 - 0x00007ff914aca000 	C:\Windows\SYSTEM32\WINHTTP.dll
0x00007ff91bca0000 - 0x00007ff91bd0a000 	C:\Windows\system32\mswsock.dll
0x00007ff8f8c90000 - 0x00007ff8f8ca6000 	C:\Program Files\Android\Android Studio1\jbr\bin\nio.dll
0x00007ff9133b0000 - 0x00007ff9133c0000 	C:\Program Files\Android\Android Studio1\jbr\bin\verify.dll
0x00007ff8edd40000 - 0x00007ff8edd67000 	C:\Users\Rizqi Wahyudi\.gradle\native\68d5fa5c4cc2d200863cafc0d521ce42e7d3e7ee720ec0a83991735586a16f82\windows-amd64\native-platform.dll
0x00007ff8c9d50000 - 0x00007ff8c9e94000 	C:\Users\Rizqi Wahyudi\.gradle\native\e376f236ea51e6404a007f0833ffe2c6e607c4080706a723a18a27aeea778392\windows-amd64\native-platform-file-events.dll
0x00007ff90c260000 - 0x00007ff90c269000 	C:\Program Files\Android\Android Studio1\jbr\bin\management.dll
0x00007ff90b610000 - 0x00007ff90b61b000 	C:\Program Files\Android\Android Studio1\jbr\bin\management_ext.dll
0x00007ff91eea0000 - 0x00007ff91eea8000 	C:\Windows\System32\PSAPI.DLL
0x00007ff91bea0000 - 0x00007ff91beb8000 	C:\Windows\SYSTEM32\CRYPTSP.dll
0x00007ff91b5a0000 - 0x00007ff91b5d4000 	C:\Windows\system32\rsaenh.dll
0x00007ff91c8e0000 - 0x00007ff91c907000 	C:\Windows\System32\bcrypt.dll
0x00007ff91c480000 - 0x00007ff91c4ae000 	C:\Windows\SYSTEM32\USERENV.dll
0x00007ff91be90000 - 0x00007ff91be9c000 	C:\Windows\SYSTEM32\CRYPTBASE.dll
0x00007ff91b990000 - 0x00007ff91b9cb000 	C:\Windows\SYSTEM32\IPHLPAPI.DLL
0x00007ff91d1f0000 - 0x00007ff91d1f8000 	C:\Windows\System32\NSI.dll
0x00007ff9138f0000 - 0x00007ff913907000 	C:\Windows\SYSTEM32\dhcpcsvc6.DLL
0x00007ff9138d0000 - 0x00007ff9138ed000 	C:\Windows\SYSTEM32\dhcpcsvc.DLL
0x00007ff91b9d0000 - 0x00007ff91ba9a000 	C:\Windows\SYSTEM32\DNSAPI.dll
0x00007ff90c330000 - 0x00007ff90c337000 	C:\Windows\system32\wshunix.dll
0x00007ff910de0000 - 0x00007ff910dea000 	C:\Windows\System32\rasadhlp.dll
0x00007ff910420000 - 0x00007ff9104a0000 	C:\Windows\System32\fwpuclnt.dll

dbghelp: loaded successfully - version: 4.0.5 - missing functions: none
symbol engine: initialized successfully - sym options: 0x614 - pdb path: .;C:\Program Files\Android\Android Studio1\jbr\bin;C:\Windows\SYSTEM32;C:\Windows\WinSxS\amd64_microsoft.windows.common-controls_6595b64144ccf1df_6.0.19041.3636_none_60b6a03d71f818d5;C:\Program Files\Android\Android Studio1\jbr\bin\server;C:\Users\Rizqi Wahyudi\.gradle\native\68d5fa5c4cc2d200863cafc0d521ce42e7d3e7ee720ec0a83991735586a16f82\windows-amd64;C:\Users\Rizqi Wahyudi\.gradle\native\e376f236ea51e6404a007f0833ffe2c6e607c4080706a723a18a27aeea778392\windows-amd64

VM Arguments:
jvm_args: --add-opens=java.base/java.util=ALL-UNNAMED --add-opens=java.base/java.lang=ALL-UNNAMED --add-opens=java.base/java.lang.invoke=ALL-UNNAMED --add-opens=java.prefs/java.util.prefs=ALL-UNNAMED --add-opens=java.base/java.nio.charset=ALL-UNNAMED --add-opens=java.base/java.net=ALL-UNNAMED --add-opens=java.base/java.util.concurrent.atomic=ALL-UNNAMED -Xmx2048m -Dfile.encoding=UTF-8 -Duser.country=ID -Duser.language=en -Duser.variant 
java_command: org.gradle.launcher.daemon.bootstrap.GradleDaemon 8.0
java_class_path (initial): C:\Users\Rizqi Wahyudi\.gradle\wrapper\dists\gradle-8.0-bin\ca5e32bp14vu59qr306oxotwh\gradle-8.0\lib\gradle-launcher-8.0.jar
Launcher Type: SUN_STANDARD

[Global flags]
     intx CICompilerCount                          = 12                                        {product} {ergonomic}
     uint ConcGCThreads                            = 3                                         {product} {ergonomic}
     uint G1ConcRefinementThreads                  = 13                                        {product} {ergonomic}
   size_t G1HeapRegionSize                         = 1048576                                   {product} {ergonomic}
    uintx GCDrainStackTargetSize                   = 64                                        {product} {ergonomic}
   size_t InitialHeapSize                          = 98566144                                  {product} {ergonomic}
   size_t MarkStackSize                            = 4194304                                   {product} {ergonomic}
   size_t MaxHeapSize                              = 2147483648                                {product} {command line}
   size_t MaxNewSize                               = 1287651328                                {product} {ergonomic}
   size_t MinHeapDeltaBytes                        = 1048576                                   {product} {ergonomic}
   size_t MinHeapSize                              = 8388608                                   {product} {ergonomic}
    uintx NonNMethodCodeHeapSize                   = 7602480                                {pd product} {ergonomic}
    uintx NonProfiledCodeHeapSize                  = 122027880                              {pd product} {ergonomic}
    uintx ProfiledCodeHeapSize                     = 122027880                              {pd product} {ergonomic}
    uintx ReservedCodeCacheSize                    = 251658240                              {pd product} {ergonomic}
     bool SegmentedCodeCache                       = true                                      {product} {ergonomic}
   size_t SoftMaxHeapSize                          = 2147483648                             {manageable} {ergonomic}
     bool UseCompressedClassPointers               = true                           {product lp64_product} {ergonomic}
     bool UseCompressedOops                        = true                           {product lp64_product} {ergonomic}
     bool UseG1GC                                  = true                                      {product} {ergonomic}
     bool UseLargePagesIndividualAllocation        = false                                  {pd product} {ergonomic}

Logging:
Log output configuration:
 #0: stdout all=warning uptime,level,tags
 #1: stderr all=off uptime,level,tags

Environment Variables:
PATH=C:\Users\Rizqi Wahyudi\AppData\Local\Programs\Python\Python310\Scripts\;C:\Users\Rizqi Wahyudi\AppData\Local\Programs\Python\Python310\;C:\Windows\system32;C:\Windows;C:\Windows\System32\Wbem;C:\Windows\System32\WindowsPowerShell\v1.0\;C:\Windows\System32\OpenSSH\;C:\xampp\php;C:\ProgramData\ComposerSetup\bin;C:\Program Files\Git\cmd;C:\Program Files\Docker\Docker\resources\bin;C:\ProgramData\DockerDesktop\version-bin;C:\Program Files\nodejs\;C:\ProgramData\chocolatey\bin;C:\Program Files\PuTTY\;C:\Program Files\MATLAB\R2022b\bin;C:\Program Files\dotnet\;C:\laragon\bin;C:\laragon\bin\apache\httpd-2.4.47-win64-VS16\bin;C:\laragon\bin\composer;C:\laragon\bin\git\bin;C:\laragon\bin\git\cmd;C:\laragon\bin\git\mingw64\bin;C:\laragon\bin\git\usr\bin;C:\laragon\bin\laragon\utils;C:\laragon\bin\mysql\mysql-5.7.33-winx64\bin;C:\laragon\bin\nginx\nginx-1.19.10;C:\laragon\bin\ngrok;C:\laragon\bin\nodejs\node-v14;C:\laragon\bin\notepad++;C:\laragon\bin\php\php-8.1.9-Win32-vs16-x64;C:\laragon\bin\redis\redis-x64-3.2.100;C:\laragon\bin\telnet;C:\laragon\usr\bin;C:\Users\Rizqi Wahyudi\AppData\Local\Yarn\config\global\node_modules\.bin;C:\Users\Rizqi Wahyudi\AppData\Roaming\Composer\vendor\bin;C:\Users\Rizqi Wahyudi\AppData\Roaming\npm;C:\Users\Rizqi Wahyudi\AppData\Local\Microsoft\WindowsApps;C:\flutter\bin;c:\users\rizqi wahyudi\.local\bin;C:\Program Files\heroku\bin;C:\Users\Rizqi Wahyudi\.dotnet\tools;C:\Users\Rizqi Wahyudi\AppData\Local\Programs\Microsoft VS Code\bin
USERNAME=Rizqi Wahyudi
OS=Windows_NT
PROCESSOR_IDENTIFIER=AMD64 Family 23 Model 104 Stepping 1, AuthenticAMD
TMP=C:\Users\RIZQIW~1\AppData\Local\Temp
TEMP=C:\Users\RIZQIW~1\AppData\Local\Temp


JNI global refs:
JNI global refs: 33, weak refs: 0

JNI global refs memory usage: 843, weak refs: 841


---------------  S Y S T E M  ---------------

OS:
 Windows 10 , 64 bit Build 19041 (10.0.19041.3636)
OS uptime: 8 days 10:58 hours
Hyper-V role detected

CPU: total 16 (initial active 16) (16 cores per cpu, 2 threads per core) family 23 model 104 stepping 1 microcode 0x0, cx8, cmov, fxsr, ht, mmx, 3dnowpref, sse, sse2, sse3, ssse3, sse4a, sse4.1, sse4.2, popcnt, lzcnt, tsc, tscinvbit, avx, avx2, aes, clmul, bmi1, bmi2, adx, sha, fma, vzeroupper, clflush, clflushopt, hv

Memory: 4k page, system-wide physical 6005M (62M free)
TotalPageFile size 24437M (AvailPageFile size 4M)
current process WorkingSet (physical memory assigned to process): 231M, peak: 242M
current process commit charge ("private bytes"): 297M, peak: 298M

vm_info: OpenJDK 64-Bit Server VM (17.0.6+0-b2043.56-10027231) for windows-amd64 JRE (17.0.6+0-b2043.56-10027231), built on Apr 28 2023 00:43:19 by "androidbuild" with MS VC++ 16.10 / 16.11 (VS2019)

END.
